1 1647308524-997249
2 1647308524-997320
3 1647308524-997327
4 1647308524-997332
5 1647308524-997337
6 1647308524-997341
7 1647308524-997346
8 1647308524-997351
9 1647308524-997360
10 1647308524-997364
11 1647308524-997507
12 1647308524-997531
13 1647308524-997558
14 1647308524-997568
15 1647308524-997572
16 1647308524-997575
17 1647308524-997587
18 1647308524-997601
19 1647308524-997609
20 1647308524-997618
21 1647308524-997629
22 1647308524-997642
23 1647308524-997659
24 1647308524-997669
25 1647308524-997685
26 1647308524-997706
27 1647308524-997722
28 1647308524-997742
29 1647308524-997756
30 1647308524-997776
31 1647308524-997784
32 1647308524-997806
33 1647308524-997817
34 1647308524-997836
35 1647308524-997851
36 1647308524-997895
37 1647308524-997907
38 1647308524-997920
39 1647308524-997944
40 1647308524-997966
41 1647308524-997989
42 1647308524-998004
43 1647308524-998022
44 1647308524-998033
45 1647308524-998041
46 1647308524-998063
47 1647308524-998074
48 1647308524-998093
49 1647308524-998108
50 1647308524-998127
51 1647308524-998139
52 1647308524-998157
53 1647308524-998180
54 1647308524-998191
55 1647308524-998210
56 1647308524-998225
57 1647308524-998242
58 1647308524-998250
59 1647308524-998267
60 1647308524-998293
61 1647308524-998316
62 1647308524-998339
63 1647308524-998350
64 1647308524-998362
65 1647308524-998386
66 1647308524-998402
67 1647308524-998424
68 1647308524-998432
69 1647308524-998436
70 1647308524-998460
71 1647308524-998472
72 1647308524-998490
73 1647308524-998504
74 1647308524-998524
75 1647308524-998537
76 1647308524-998556
77 1647308524-998567
78 1647308524-998580
79 1647308524-998597
80 1647308524-998607
81 1647308524-998619
82 1647308524-998635
83 1647308524-998660
84 1647308524-998671
85 1647308524-998692
86 1647308524-998698
87 1647308524-998708
88 1647308524-998731
89 1647308524-998751
90 1647308524-998768
91 1647308524-998778
92 1647308524-998801
93 1647308524-998813
94 1647308524-998830
95 1647308524-998835
96 1647308524-998843
97 1647308524-998856
98 1647308524-998881
99 1647308524-998896
100 1647308524-998917
101 1647308524-998931
102 1647308524-998949
103 1647308524-998965
104 1647308524-998975
105 1647308524-998991
106 1647308524-999016
107 1647308524-999027
108 1647308524-999039
109 1647308524-999045
110 1647308524-999059
111 1647308524-999086
112 1647308524-999106
113 1647308524-999126
114 1647308524-999153
115 1647308524-999170
116 1647308524-999196
117 1647308524-999207
118 1647308524-999224
119 1647308524-999238
120 1647308524-999256
121 1647308524-999282
122 1647308524-999293
123 1647308524-999310
124 1647308524-999318
125 1647308524-999332
126 1647308524-999354
127 1647308524-999375
128 1647308524-999382
129 1647308524-999394
130 1647308524-999412
131 1647308524-999436
132 1647308524-999447
133 1647308524-999475
134 1647308524-999486
135 1647308524-999504
136 1647308524-999515
137 1647308524-999527
138 1647308524-999549
139 1647308524-999560
140 1647308524-999578
141 1647308524-999584
142 1647308524-999596
143 1647308524-999620
144 1647308524-999651
145 1647308524-999652
146 1647308524-999655
147 1647308524-999660
148 1647308524-999664
149 1647308524-999665
150 1647308524-999666
151 1647308524-999668
152 1647308524-999671
153 1647308524-999673
154 1647308524-999675
155 1647308524-999678
156 1647308524-999680
157 1647308524-999683
158 1647308524-999685
159 1647308524-999686
160 1647308524-999689
161 1647308524-999691
162 1647308524-999694
163 1647308524-999697
164 1647308524-999698
165 1647308524-999700
166 1647308524-999703
167 1647308524-999706
168 1647308524-999707
169 1647308524-999709
170 1647308524-999711
171 1647308524-999717
172 1647308524-999719
173 1647308524-999724
174 1647308524-999725
175 1647308524-999728
176 1647308524-999730
177 1647308524-999732
178 1647308524-999733
179 1647308524-999736
180 1647308524-999738
181 1647308524-999739
182 1647308524-999742
183 1647308524-999745
184 1647308524-999746
185 1647308524-999748
186 1647308524-999751
187 1647308524-999754
188 1647308524-999756
189 1647308524-999758
190 1647308524-999760
191 1647308524-999761
192 1647308524-999764
193 1647308524-999776
194 1647308524-999778
195 1647308524-999781
196 1647308524-999811
197 1647308524-999812
198 1647308524-999814
199 1647308524-999817
200 1647308524-999818
201 1647308524-999821
202 1647308524-999823
203 1647308524-999824
204 1647308524-999826
205 1647308524-999831
206 1647308524-999835
207 1647308524-999836
208 1647308524-999837
209 1647308524-999839
210 1647308524-999842
211 1647308524-999859
212 1647308524-999861
213 1647308524-999864
214 1647308524-999865
215 1647308524-999868
216 1647308524-999869
217 1647308524-999872
218 1647308524-999874
219 1647308524-999877
220 1647308524-999879
221 1647308524-999883
222 1647308524-999886
223 1647308524-999890
224 1647308524-999892
225 1647308524-999894
226 1647308524-999895
227 1647308524-999898
228 1647308524-999901
229 1647308524-999902
230 1647308524-999922
231 1647308524-999924
232 1647308524-999925
233 1647308524-999927
234 1647308524-999930
235 1647308524-999931
236 1647308524-999935
237 1647308524-999936
238 1647308524-999938
239 1647308524-999943
240 1647308524-999949
241 1647308524-999951
242 1647308524-999953
243 1647308524-999954
244 1647308524-999957
245 1647308524-999959
246 1647308524-999961
247 1647308524-999963
248 1647308524-999981
249 1647308524-999982
250 1647308524-999983
251 1647308524-999986
252 1647308524-999987
253 1647308524-999990
254 1647308524-999992
255 1647308524-999995
256 1647308524-999996
257 1647308524-999997
258 1647308525-1
259 1647308525-4
260 1647308525-9
261 1647308525-11
262 1647308525-13
263 1647308525-15
264 1647308525-17
265 1647308525-19
266 1647308525-22
267 1647308525-24
268 1647308525-26
269 1647308525-27
270 1647308525-30
271 1647308525-33
272 1647308525-35
273 1647308525-37
274 1647308525-39
275 1647308525-42
276 1647308525-44
277 1647308525-46
278 1647308525-48
279 1647308525-51
280 1647308525-52
281 1647308525-54
282 1647308525-57
283 1647308525-61
284 1647308525-67
285 1647308525-69
286 1647308525-71
287 1647308525-72
288 1647308525-75
289 1647308525-76
290 1647308525-77
291 1647308525-79
292 1647308525-98
293 1647308525-99
294 1647308525-100
295 1647308525-102
296 1647308525-105
297 1647308525-106
298 1647308525-107
299 1647308525-108
300 1647308525-111
301 1647308525-112
302 1647308525-114
303 1647308525-117
304 1647308525-119
305 1647308525-119
306 1647308525-122
307 1647308525-124
308 1647308525-128
309 1647308525-133
310 1647308525-151
311 1647308525-152
312 1647308525-153
313 1647308525-154
314 1647308525-156
315 1647308525-159
316 1647308525-161
317 1647308525-164
318 1647308525-165
319 1647308525-166
320 1647308525-166
321 1647308525-169
322 1647308525-172
323 1647308525-173
324 1647308525-176
325 1647308525-177
326 1647308525-179
327 1647308525-182
328 1647308525-187
329 1647308525-191
330 1647308525-194
331 1647308525-196
332 1647308525-198
333 1647308525-199
334 1647308525-202
335 1647308525-203
336 1647308525-205
337 1647308525-207
338 1647308525-209
339 1647308525-211
340 1647308525-213
341 1647308525-215
342 1647308525-217
343 1647308525-220
344 1647308525-221
345 1647308525-223
346 1647308525-224
347 1647308525-226
348 1647308525-229
349 1647308525-230
350 1647308525-233
351 1647308525-235
352 1647308525-237
353 1647308525-240
354 1647308525-244
355 1647308525-248
356 1647308525-250
357 1647308525-252
358 1647308525-255
359 1647308525-258
360 1647308525-259
361 1647308525-260
362 1647308525-262
363 1647308525-263
364 1647308525-265
365 1647308525-267
366 1647308525-270
367 1647308525-272
368 1647308525-274
369 1647308525-276
370 1647308525-279
371 1647308525-281
372 1647308525-283
373 1647308525-284
374 1647308525-287
375 1647308525-289
376 1647308525-290
377 1647308525-293
378 1647308525-312
379 1647308525-321
380 1647308525-327
381 1647308525-329
382 1647308525-331
383 1647308525-334
384 1647308525-335
385 1647308525-337
386 1647308525-339
387 1647308525-341
388 1647308525-344
389 1647308525-346
390 1647308525-347
391 1647308525-349
392 1647308525-366
393 1647308525-369
394 1647308525-370
395 1647308525-371
396 1647308525-373
397 1647308525-401
398 1647308525-402
399 1647308525-405
400 1647308525-418
401 1647308525-419
402 1647308525-420
403 1647308525-421
404 1647308525-421
405 1647308525-423
406 1647308525-424
407 1647308525-426
408 1647308525-427
409 1647308525-429
410 1647308525-430
411 1647308525-431
412 1647308525-432
413 1647308525-449
414 1647308525-450
415 1647308525-452
416 1647308525-456
417 1647308525-457
418 1647308525-458
419 1647308525-460
420 1647308525-493
421 1647308525-495
422 1647308525-496
423 1647308525-498
424 1647308525-500
425 1647308525-500
426 1647308525-503
427 1647308525-505
428 1647308525-507
429 1647308525-509
430 1647308525-512
431 1647308525-517
432 1647308525-522
433 1647308525-524
434 1647308525-527
435 1647308525-529
436 1647308525-531
437 1647308525-534
438 1647308525-537
439 1647308525-538
440 1647308525-540
441 1647308525-542
442 1647308525-544
443 1647308525-548
444 1647308525-549
445 1647308525-551
446 1647308525-553
447 1647308525-555
448 1647308525-557
449 1647308525-559
450 1647308525-562
451 1647308525-564
452 1647308525-567
453 1647308525-570
454 1647308525-572
455 1647308525-575
456 1647308525-577
457 1647308525-583
458 1647308525-585
459 1647308525-587
460 1647308525-589
461 1647308525-592
462 1647308525-595
463 1647308525-596
464 1647308525-598
465 1647308525-600
466 1647308525-602
467 1647308525-605
468 1647308525-607
469 1647308525-608
470 1647308525-610
471 1647308525-611
472 1647308525-613
473 1647308525-616
474 1647308525-618
475 1647308525-621
476 1647308525-624
477 1647308525-625
478 1647308525-628
479 1647308525-630
480 1647308525-634
481 1647308525-636
482 1647308525-639
483 1647308525-655
484 1647308525-658
485 1647308525-661
486 1647308525-662
487 1647308525-664
488 1647308525-666
489 1647308525-668
490 1647308525-669
491 1647308525-671
492 1647308525-673
493 1647308525-676
494 1647308525-678
495 1647308525-681
496 1647308525-682
497 1647308525-685
498 1647308525-686
499 1647308525-688
500 1647308525-690
501 1647308525-692
502 1647308525-696
503 1647308525-700
504 1647308525-702
505 1647308525-710
506 1647308525-713
507 1647308525-715
508 1647308525-716
509 1647308525-718
510 1647308525-721
511 1647308525-723
512 1647308525-726
513 1647308525-728
514 1647308525-731
515 1647308525-734
516 1647308525-735
517 1647308525-736
518 1647308525-738
519 1647308525-741
520 1647308525-743
521 1647308525-745
522 1647308525-748
523 1647308525-750
524 1647308525-752
525 1647308525-754
526 1647308525-758
527 1647308525-761
528 1647308525-768
529 1647308525-770
530 1647308525-773
531 1647308525-776
532 1647308525-778
533 1647308525-780
534 1647308525-782
535 1647308525-783
536 1647308525-786
537 1647308525-787
538 1647308525-790
539 1647308525-793
540 1647308525-794
541 1647308525-796
542 1647308525-798
543 1647308525-800
544 1647308525-802
545 1647308525-805
546 1647308525-807
547 1647308525-810
548 1647308525-813
549 1647308525-816
550 1647308525-822
551 1647308525-824
552 1647308525-827
553 1647308525-829
554 1647308525-832
555 1647308525-833
556 1647308525-834
557 1647308525-835
558 1647308525-838
559 1647308525-842
560 1647308525-843
561 1647308525-846
562 1647308525-848
563 1647308525-850
564 1647308525-851
565 1647308525-853
566 1647308525-856
567 1647308525-858
568 1647308525-860
569 1647308525-863
570 1647308525-864
571 1647308525-867
572 1647308525-869
573 1647308525-873
574 1647308525-876
575 1647308525-880
576 1647308525-881
577 1647308525-884
578 1647308525-885
579 1647308525-888
580 1647308525-889
581 1647308525-892
582 1647308525-894
583 1647308525-895
584 1647308525-897
585 1647308525-899
586 1647308525-901
587 1647308525-904
588 1647308525-905
589 1647308525-907
590 1647308525-911
591 1647308525-912
592 1647308525-914
593 1647308525-917
594 1647308525-919
595 1647308525-921
596 1647308525-922
597 1647308525-924
598 1647308525-926
599 1647308525-928
600 1647308525-932
601 1647308525-935
602 1647308525-939
603 1647308525-941
604 1647308525-944
605 1647308525-946
606 1647308525-947
607 1647308525-948
608 1647308525-951
609 1647308525-954
610 1647308525-957
611 1647308525-959
612 1647308525-961
613 1647308525-963
614 1647308525-966
615 1647308525-974
616 1647308525-975
617 1647308525-978
618 1647308525-979
619 1647308525-981
620 1647308525-983
621 1647308525-985
622 1647308525-991
623 1647308525-997
624 1647308525-998
625 1647308525-1000
626 1647308525-1002
627 1647308525-1004
628 1647308525-1006
629 1647308525-1010
630 1647308525-1011
631 1647308525-1013
632 1647308525-1016
633 1647308525-1017
634 1647308525-1019
635 1647308525-1021
636 1647308525-1024
637 1647308525-1027
638 1647308525-1029
639 1647308525-1031
640 1647308525-1035
641 1647308525-1036
642 1647308525-1038
643 1647308525-1041
644 1647308525-1042
645 1647308525-1045
646 1647308525-1050
647 1647308525-1052
648 1647308525-1056
649 1647308525-1059
650 1647308525-1060
651 1647308525-1063
652 1647308525-1065
653 1647308525-1067
654 1647308525-1069
655 1647308525-1071
656 1647308525-1073
657 1647308525-1075
658 1647308525-1078
659 1647308525-1080
660 1647308525-1082
661 1647308525-1084
662 1647308525-1085
663 1647308525-1086
664 1647308525-1087
665 1647308525-1091
666 1647308525-1093
667 1647308525-1096
668 1647308525-1098
669 1647308525-1100
670 1647308525-1102
671 1647308525-1106
672 1647308525-1112
673 1647308525-1114
674 1647308525-1116
675 1647308525-1118
676 1647308525-1120
677 1647308525-1123
678 1647308525-1124
679 1647308525-1126
680 1647308525-1127
681 1647308525-1130
682 1647308525-1133
683 1647308525-1134
684 1647308525-1136
685 1647308525-1138
686 1647308525-1141
687 1647308525-1144
688 1647308525-1145
689 1647308525-1148
690 1647308525-1151
691 1647308525-1153
692 1647308525-1157
693 1647308525-1159
694 1647308525-1162
695 1647308525-1170
696 1647308525-1172
697 1647308525-1175
698 1647308525-1177
699 1647308525-1178
700 1647308525-1180
701 1647308525-1182
702 1647308525-1184
703 1647308525-1187
704 1647308525-1191
705 1647308525-1192
706 1647308525-1194
707 1647308525-1197
708 1647308525-1199
709 1647308525-1202
710 1647308525-1203
711 1647308525-1205
712 1647308525-1208
713 1647308525-1211
714 1647308525-1213
715 1647308525-1215
716 1647308525-1218
717 1647308525-1220
718 1647308525-1222
719 1647308525-1226
720 1647308525-1229
721 1647308525-1234
722 1647308525-1235
723 1647308525-1236
724 1647308525-1238
725 1647308525-1241
726 1647308525-1243
727 1647308525-1246
728 1647308525-1249
729 1647308525-1250
730 1647308525-1251
731 1647308525-1253
732 1647308525-1255
733 1647308525-1258
734 1647308525-1259
735 1647308525-1261
736 1647308525-1264
737 1647308525-1268
738 1647308525-1269
739 1647308525-1272
740 1647308525-1274
741 1647308525-1275
742 1647308525-1277
743 1647308525-1278
744 1647308525-1280
745 1647308525-1284
746 1647308525-1290
747 1647308525-1292
748 1647308525-1294
749 1647308525-1296
750 1647308525-1298
751 1647308525-1301
752 1647308525-1302
753 1647308525-1304
754 1647308525-1307
755 1647308525-1310
756 1647308525-1311
757 1647308525-1313
758 1647308525-1317
759 1647308525-1320
760 1647308525-1321
761 1647308525-1322
762 1647308525-1324
763 1647308525-1327
764 1647308525-1330
765 1647308525-1332
766 1647308525-1334
767 1647308525-1336
768 1647308525-1338
769 1647308525-1342
770 1647308525-1347
771 1647308525-1349
772 1647308525-1351
773 1647308525-1352
774 1647308525-1354
775 1647308525-1355
776 1647308525-1359
777 1647308525-1362
778 1647308525-1363
779 1647308525-1364
780 1647308525-1366
781 1647308525-1368
782 1647308525-1370
783 1647308525-1373
784 1647308525-1374
785 1647308525-1375
786 1647308525-1377
787 1647308525-1380
788 1647308525-1382
789 1647308525-1384
790 1647308525-1386
791 1647308525-1388
792 1647308525-1390
793 1647308525-1391
794 1647308525-1393
795 1647308525-1395
796 1647308525-1398
797 1647308525-1405
798 1647308525-1407
799 1647308525-1409
800 1647308525-1412
801 1647308525-1413
802 1647308525-1414
803 1647308525-1416
804 1647308525-1419
805 1647308525-1421
806 1647308525-1423
807 1647308525-1426
808 1647308525-1427
809 1647308525-1429
810 1647308525-1431
811 1647308525-1433
812 1647308525-1436
813 1647308525-1438
814 1647308525-1442
815 1647308525-1443
816 1647308525-1445
817 1647308525-1448
818 1647308525-1450
819 1647308525-1453
820 1647308525-1455
821 1647308525-1467
822 1647308525-1469
823 1647308525-1469
824 1647308525-1471
825 1647308525-1473
826 1647308525-1476
827 1647308525-1477
828 1647308525-1479
829 1647308525-1481
830 1647308525-1483
831 1647308525-1485
832 1647308525-1487
833 1647308525-1488
834 1647308525-1489
835 1647308525-1491
836 1647308525-1494
837 1647308525-1495
838 1647308525-1499
839 1647308525-1501
840 1647308525-1503
841 1647308525-1505
842 1647308525-1507
843 1647308525-1509
844 1647308525-1511
845 1647308525-1513
846 1647308525-1516
847 1647308525-1523
848 1647308525-1525
849 1647308525-1528
850 1647308525-1531
851 1647308525-1532
852 1647308525-1534
853 1647308525-1535
854 1647308525-1538
855 1647308525-1541
856 1647308525-1543
857 1647308525-1544
858 1647308525-1545
859 1647308525-1547
860 1647308525-1550
861 1647308525-1552
862 1647308525-1554
863 1647308525-1556
864 1647308525-1557
865 1647308525-1560
866 1647308525-1562
867 1647308525-1564
868 1647308525-1567
869 1647308525-1569
870 1647308525-1571
871 1647308525-1572
872 1647308525-1575
873 1647308525-1582
874 1647308525-1583
875 1647308525-1585
876 1647308525-1586
877 1647308525-1589
878 1647308525-1592
879 1647308525-1593
880 1647308525-1595
881 1647308525-1598
882 1647308525-1600
883 1647308525-1603
884 1647308525-1604
885 1647308525-1605
886 1647308525-1608
887 1647308525-1610
888 1647308525-1612
889 1647308525-1615
890 1647308525-1617
891 1647308525-1618
892 1647308525-1620
893 1647308525-1622
894 1647308525-1626
895 1647308525-1627
896 1647308525-1629
897 1647308525-1632
898 1647308525-1636
899 1647308525-1637
900 1647308525-1641
901 1647308525-1645
902 1647308525-1648
903 1647308525-1651
904 1647308525-1652
905 1647308525-1654
906 1647308525-1656
907 1647308525-1659
908 1647308525-1660
909 1647308525-1662
910 1647308525-1665
911 1647308525-1667
912 1647308525-1669
913 1647308525-1671
914 1647308525-1674
915 1647308525-1677
916 1647308525-1680
917 1647308525-1682
918 1647308525-1684
919 1647308525-1687
920 1647308525-1690
921 1647308525-1692
922 1647308525-1699
923 1647308525-1701
924 1647308525-1706
925 1647308525-1707
926 1647308525-1708
927 1647308525-1710
928 1647308525-1712
929 1647308525-1715
930 1647308525-1716
931 1647308525-1718
932 1647308525-1721
933 1647308525-1723
934 1647308525-1724
935 1647308525-1726
936 1647308525-1727
937 1647308525-1729
938 1647308525-1730
939 1647308525-1734
940 1647308525-1736
941 1647308525-1738
942 1647308525-1741
943 1647308525-1743
944 1647308525-1745
945 1647308525-1747
946 1647308525-1749
947 1647308525-1750
948 1647308525-1753
949 1647308525-1758
950 1647308525-1759
951 1647308525-1760
952 1647308525-1763
953 1647308525-1765
954 1647308525-1768
955 1647308525-1772
956 1647308525-1773
957 1647308525-1774
958 1647308525-1776
959 1647308525-1778
960 1647308525-1780
961 1647308525-1782
962 1647308525-1784
963 1647308525-1788
964 1647308525-1789
965 1647308525-1790
966 1647308525-1792
967 1647308525-1795
968 1647308525-1797
969 1647308525-1799
970 1647308525-1800
971 1647308525-1804
972 1647308525-1805
973 1647308525-1807
974 1647308525-1812
975 1647308525-1817
976 1647308525-1819
977 1647308525-1821
978 1647308525-1823
979 1647308525-1825
980 1647308525-1827
981 1647308525-1829
982 1647308525-1831
983 1647308525-1833
984 1647308525-1834
985 1647308525-1836
986 1647308525-1840
987 1647308525-1841
988 1647308525-1843
989 1647308525-1846
990 1647308525-1849
991 1647308525-1850
992 1647308525-1851
993 1647308525-1853
994 1647308525-1856
995 1647308525-1858
996 1647308525-1861
997 1647308525-1862
998 1647308525-1864
999 1647308525-1871
1000 1647308525-1876
