1 1647308512-770485
2 1647308512-770551
3 1647308512-770558
4 1647308512-770563
5 1647308512-770568
6 1647308512-770572
7 1647308512-770577
8 1647308512-770581
9 1647308512-770586
10 1647308512-770599
11 1647308512-770789
12 1647308512-770826
13 1647308512-770833
14 1647308512-770838
15 1647308512-770842
16 1647308512-770847
17 1647308512-770851
18 1647308512-770855
19 1647308512-770860
20 1647308512-770864
21 1647308512-771023
22 1647308512-771059
23 1647308512-771070
24 1647308512-771075
25 1647308512-771083
26 1647308512-771087
27 1647308512-771092
28 1647308512-771102
29 1647308512-771107
30 1647308512-771115
31 1647308512-771268
32 1647308512-771305
33 1647308512-771315
34 1647308512-771320
35 1647308512-771327
36 1647308512-771336
37 1647308512-771341
38 1647308512-771350
39 1647308512-771356
40 1647308512-771365
41 1647308512-771500
42 1647308512-771535
43 1647308512-771542
44 1647308512-771547
45 1647308512-771551
46 1647308512-771556
47 1647308512-771560
48 1647308512-771564
49 1647308512-771569
50 1647308512-771578
51 1647308512-771726
52 1647308512-771762
53 1647308512-771772
54 1647308512-771781
55 1647308512-771786
56 1647308512-771796
57 1647308512-771805
58 1647308512-771809
59 1647308512-771818
60 1647308512-771829
61 1647308512-771974
62 1647308512-772012
63 1647308512-772019
64 1647308512-772023
65 1647308512-772027
66 1647308512-772031
67 1647308512-772036
68 1647308512-772041
69 1647308512-772056
70 1647308512-772075
71 1647308512-772121
72 1647308512-772139
73 1647308512-772178
74 1647308512-772192
75 1647308512-772229
76 1647308512-772244
77 1647308512-772283
78 1647308512-772301
79 1647308512-772438
80 1647308512-772448
81 1647308512-772455
82 1647308512-772463
83 1647308512-772471
84 1647308512-772476
85 1647308512-772484
86 1647308512-772511
87 1647308512-772546
88 1647308512-772584
89 1647308512-772654
90 1647308512-772663
91 1647308512-772667
92 1647308512-772675
93 1647308512-772694
94 1647308512-772764
95 1647308512-772765
96 1647308512-772767
97 1647308512-772785
98 1647308512-772786
99 1647308512-772787
100 1647308512-772790
101 1647308512-772827
102 1647308512-772828
103 1647308512-772830
104 1647308512-772832
105 1647308512-772834
106 1647308512-772837
107 1647308512-772840
108 1647308512-772862
109 1647308512-772893
110 1647308512-772894
111 1647308512-772897
112 1647308512-772899
113 1647308512-772901
114 1647308512-772917
115 1647308512-772926
116 1647308512-772928
117 1647308512-772930
118 1647308512-772939
119 1647308512-772941
120 1647308512-772943
121 1647308512-772952
122 1647308512-772954
123 1647308512-772955
124 1647308512-772956
125 1647308512-772969
126 1647308512-772970
127 1647308512-772972
128 1647308512-772982
129 1647308512-772984
130 1647308512-772986
131 1647308512-772996
132 1647308512-772997
133 1647308512-773000
134 1647308512-773006
135 1647308512-773013
136 1647308512-773015
137 1647308512-773016
138 1647308512-773017
139 1647308512-773030
140 1647308512-773031
141 1647308512-773034
142 1647308512-773042
143 1647308512-773043
144 1647308512-773046
145 1647308512-773056
146 1647308512-773057
147 1647308512-773060
148 1647308512-773069
149 1647308512-773070
150 1647308512-773071
151 1647308512-773073
152 1647308512-773075
153 1647308512-773089
154 1647308512-773091
155 1647308512-773093
156 1647308512-773100
157 1647308512-773101
158 1647308512-773103
159 1647308512-773112
160 1647308512-773114
161 1647308512-773115
162 1647308512-773119
163 1647308512-773131
164 1647308512-773133
165 1647308512-773134
166 1647308512-773137
167 1647308512-773149
168 1647308512-773150
169 1647308512-773153
170 1647308512-773162
171 1647308512-773164
172 1647308512-773166
173 1647308512-773176
174 1647308512-773177
175 1647308512-773179
176 1647308512-773189
177 1647308512-773191
178 1647308512-773193
179 1647308512-773196
180 1647308512-773209
181 1647308512-773210
182 1647308512-773212
183 1647308512-773222
184 1647308512-773224
185 1647308512-773226
186 1647308512-773235
187 1647308512-773236
188 1647308512-773238
189 1647308512-773239
190 1647308512-773243
191 1647308512-773257
192 1647308512-773259
193 1647308512-773270
194 1647308512-773272
195 1647308512-773274
196 1647308512-773277
197 1647308512-773289
198 1647308512-773291
199 1647308512-773293
200 1647308512-773303
201 1647308512-773304
202 1647308512-773306
203 1647308512-773309
204 1647308512-773321
205 1647308512-773322
206 1647308512-773323
207 1647308512-773326
208 1647308512-773339
209 1647308512-773340
210 1647308512-773342
211 1647308512-773347
212 1647308512-773349
213 1647308512-773353
214 1647308512-773367
215 1647308512-773369
216 1647308512-773370
217 1647308512-773373
218 1647308512-773376
219 1647308512-773390
220 1647308512-773392
221 1647308512-773394
222 1647308512-773404
223 1647308512-773405
224 1647308512-773408
225 1647308512-773417
226 1647308512-773419
227 1647308512-773420
228 1647308512-773422
229 1647308512-773424
230 1647308512-773438
231 1647308512-773440
232 1647308512-773442
233 1647308512-773451
234 1647308512-773453
235 1647308512-773455
236 1647308512-773465
237 1647308512-773466
238 1647308512-773467
239 1647308512-773470
240 1647308512-773483
241 1647308512-773484
242 1647308512-773486
243 1647308512-773496
244 1647308512-773497
245 1647308512-773500
246 1647308512-773509
247 1647308512-773511
248 1647308512-773513
249 1647308512-773521
250 1647308512-773523
251 1647308512-773525
252 1647308512-773534
253 1647308512-773536
254 1647308512-773537
255 1647308512-773540
256 1647308512-773552
257 1647308512-773554
258 1647308512-773556
259 1647308512-773566
260 1647308512-773567
261 1647308512-773570
262 1647308512-773579
263 1647308512-773581
264 1647308512-773583
265 1647308512-773592
266 1647308512-773594
267 1647308512-773596
268 1647308512-773597
269 1647308512-773600
270 1647308512-773603
271 1647308512-773620
272 1647308512-773621
273 1647308512-773624
274 1647308512-773633
275 1647308512-773635
276 1647308512-773636
277 1647308512-773639
278 1647308512-773649
279 1647308512-773650
280 1647308512-773652
281 1647308512-773653
282 1647308512-773655
283 1647308512-773656
284 1647308512-773673
285 1647308512-773674
286 1647308512-773677
287 1647308512-773685
288 1647308512-773686
289 1647308512-773689
290 1647308512-773698
291 1647308512-773700
292 1647308512-773702
293 1647308512-773712
294 1647308512-773713
295 1647308512-773714
296 1647308512-773715
297 1647308512-773719
298 1647308512-773734
299 1647308512-773736
300 1647308512-773738
301 1647308512-773747
302 1647308512-773749
303 1647308512-773751
304 1647308512-773760
305 1647308512-773762
306 1647308512-773764
307 1647308512-773771
308 1647308512-773773
309 1647308512-773775
310 1647308512-773778
311 1647308512-773791
312 1647308512-773792
313 1647308512-773794
314 1647308512-773795
315 1647308512-773797
316 1647308512-773800
317 1647308512-773817
318 1647308512-773819
319 1647308512-773821
320 1647308512-773831
321 1647308512-773832
322 1647308512-773834
323 1647308512-773837
324 1647308512-773850
325 1647308512-773851
326 1647308512-773853
327 1647308512-773863
328 1647308512-773865
329 1647308512-773871
330 1647308512-773881
331 1647308512-773882
332 1647308512-773884
333 1647308512-773887
334 1647308512-773899
335 1647308512-773900
336 1647308512-773903
337 1647308512-773908
338 1647308512-773916
339 1647308512-773917
340 1647308512-773919
341 1647308512-773929
342 1647308512-773930
343 1647308512-773933
344 1647308512-773943
345 1647308512-773944
346 1647308512-773946
347 1647308512-773947
348 1647308512-773950
349 1647308512-773964
350 1647308512-773965
351 1647308512-773968
352 1647308512-773976
353 1647308512-773978
354 1647308512-773980
355 1647308512-773989
356 1647308512-773991
357 1647308512-773993
358 1647308512-774002
359 1647308512-774003
360 1647308512-774005
361 1647308512-774008
362 1647308512-774019
363 1647308512-774020
364 1647308512-774022
365 1647308512-774023
366 1647308512-774025
367 1647308512-774039
368 1647308512-774040
369 1647308512-774042
370 1647308512-774051
371 1647308512-774052
372 1647308512-774055
373 1647308512-774064
374 1647308512-774065
375 1647308512-774066
376 1647308512-774068
377 1647308512-774071
378 1647308512-774073
379 1647308512-774083
380 1647308512-774092
381 1647308512-774094
382 1647308512-774095
383 1647308512-774098
384 1647308512-774110
385 1647308512-774111
386 1647308512-774113
387 1647308512-774122
388 1647308512-774124
389 1647308512-774126
390 1647308512-774128
391 1647308512-774139
392 1647308512-774140
393 1647308512-774143
394 1647308512-774151
395 1647308512-774152
396 1647308512-774154
397 1647308512-774164
398 1647308512-774165
399 1647308512-774168
400 1647308512-774177
401 1647308512-774178
402 1647308512-774181
403 1647308512-774190
404 1647308512-774191
405 1647308512-774193
406 1647308512-774196
407 1647308512-774206
408 1647308512-774208
409 1647308512-774210
410 1647308512-774216
411 1647308512-774223
412 1647308512-774225
413 1647308512-774227
414 1647308512-774236
415 1647308512-774238
416 1647308512-774240
417 1647308512-774241
418 1647308512-774242
419 1647308512-774244
420 1647308512-774247
421 1647308512-774250
422 1647308512-774259
423 1647308512-774275
424 1647308512-774276
425 1647308512-774279
426 1647308512-774287
427 1647308512-774288
428 1647308512-774291
429 1647308512-774300
430 1647308512-774301
431 1647308512-774302
432 1647308512-774303
433 1647308512-774305
434 1647308512-774305
435 1647308512-774307
436 1647308512-774325
437 1647308512-774327
438 1647308512-774329
439 1647308512-774338
440 1647308512-774339
441 1647308512-774342
442 1647308512-774351
443 1647308512-774352
444 1647308512-774354
445 1647308512-774363
446 1647308512-774365
447 1647308512-774367
448 1647308512-774370
449 1647308512-774382
450 1647308512-774383
451 1647308512-774386
452 1647308512-774395
453 1647308512-774396
454 1647308512-774398
455 1647308512-774408
456 1647308512-774409
457 1647308512-774412
458 1647308512-774420
459 1647308512-774422
460 1647308512-774423
461 1647308512-774425
462 1647308512-774428
463 1647308512-774430
464 1647308512-774433
465 1647308512-774448
466 1647308512-774450
467 1647308512-774452
468 1647308512-774461
469 1647308512-774462
470 1647308512-774465
471 1647308512-774473
472 1647308512-774475
473 1647308512-774476
474 1647308512-774479
475 1647308512-774491
476 1647308512-774493
477 1647308512-774495
478 1647308512-774504
479 1647308512-774505
480 1647308512-774508
481 1647308512-774514
482 1647308512-774521
483 1647308512-774523
484 1647308512-774525
485 1647308512-774534
486 1647308512-774536
487 1647308512-774537
488 1647308512-774538
489 1647308512-774540
490 1647308512-774541
491 1647308512-774544
492 1647308512-774562
493 1647308512-774563
494 1647308512-774566
495 1647308512-774573
496 1647308512-774575
497 1647308512-774577
498 1647308512-774585
499 1647308512-774587
500 1647308512-774589
501 1647308512-774598
502 1647308512-774600
503 1647308512-774601
504 1647308512-774602
505 1647308512-774603
506 1647308512-774604
507 1647308512-774607
508 1647308512-774626
509 1647308512-774627
510 1647308512-774630
511 1647308512-774640
512 1647308512-774641
513 1647308512-774644
514 1647308512-774652
515 1647308512-774654
516 1647308512-774655
517 1647308512-774657
518 1647308512-774658
519 1647308512-774661
520 1647308512-774669
521 1647308512-774672
522 1647308512-774688
523 1647308512-774689
524 1647308512-774691
525 1647308512-774701
526 1647308512-774702
527 1647308512-774704
528 1647308512-774714
529 1647308512-774715
530 1647308512-774716
531 1647308512-774718
532 1647308512-774729
533 1647308512-774731
534 1647308512-774733
535 1647308512-774742
536 1647308512-774743
537 1647308512-774746
538 1647308512-774755
539 1647308512-774756
540 1647308512-774758
541 1647308512-774768
542 1647308512-774769
543 1647308512-774770
544 1647308512-774771
545 1647308512-774774
546 1647308512-774788
547 1647308512-774790
548 1647308512-774792
549 1647308512-774801
550 1647308512-774802
551 1647308512-774805
552 1647308512-774809
553 1647308512-774819
554 1647308512-774820
555 1647308512-774822
556 1647308512-774830
557 1647308512-774832
558 1647308512-774834
559 1647308512-774835
560 1647308512-774837
561 1647308512-774843
562 1647308512-774855
563 1647308512-774856
564 1647308512-774859
565 1647308512-774866
566 1647308512-774867
567 1647308512-774870
568 1647308512-774878
569 1647308512-774880
570 1647308512-774882
571 1647308512-774891
572 1647308512-774892
573 1647308512-774895
574 1647308512-774904
575 1647308512-774906
576 1647308512-774906
577 1647308512-774910
578 1647308512-774921
579 1647308512-774923
580 1647308512-774925
581 1647308512-774934
582 1647308512-774936
583 1647308512-774938
584 1647308512-774947
585 1647308512-774948
586 1647308512-774950
587 1647308512-774953
588 1647308512-774965
589 1647308512-774966
590 1647308512-774969
591 1647308512-774977
592 1647308512-774979
593 1647308512-774981
594 1647308512-774989
595 1647308512-774990
596 1647308512-774993
597 1647308512-775002
598 1647308512-775003
599 1647308512-775006
600 1647308512-775012
601 1647308512-775020
602 1647308512-775021
603 1647308512-775024
604 1647308512-775033
605 1647308512-775034
606 1647308512-775036
607 1647308512-775042
608 1647308512-775050
609 1647308512-775051
610 1647308512-775054
611 1647308512-775063
612 1647308512-775064
613 1647308512-775066
614 1647308512-775075
615 1647308512-775077
616 1647308512-775079
617 1647308512-775089
618 1647308512-775090
619 1647308512-775092
620 1647308512-775100
621 1647308512-775103
622 1647308512-775112
623 1647308512-775114
624 1647308512-775116
625 1647308512-775126
626 1647308512-775127
627 1647308512-775129
628 1647308512-775130
629 1647308512-775131
630 1647308512-775135
631 1647308512-775150
632 1647308512-775152
633 1647308512-775153
634 1647308512-775163
635 1647308512-775165
636 1647308512-775167
637 1647308512-775176
638 1647308512-775178
639 1647308512-775180
640 1647308512-775189
641 1647308512-775191
642 1647308512-775193
643 1647308512-775201
644 1647308512-775203
645 1647308512-775204
646 1647308512-775214
647 1647308512-775216
648 1647308512-775218
649 1647308512-775227
650 1647308512-775229
651 1647308512-775231
652 1647308512-775239
653 1647308512-775241
654 1647308512-775242
655 1647308512-775244
656 1647308512-775247
657 1647308512-775261
658 1647308512-775262
659 1647308512-775265
660 1647308512-775273
661 1647308512-775275
662 1647308512-775278
663 1647308512-775286
664 1647308512-775288
665 1647308512-775290
666 1647308512-775299
667 1647308512-775300
668 1647308512-775302
669 1647308512-775303
670 1647308512-775305
671 1647308512-775306
672 1647308512-775307
673 1647308512-775325
674 1647308512-775326
675 1647308512-775328
676 1647308512-775337
677 1647308512-775339
678 1647308512-775341
679 1647308512-775350
680 1647308512-775352
681 1647308512-775354
682 1647308512-775363
683 1647308512-775364
684 1647308512-775366
685 1647308512-775369
686 1647308512-775380
687 1647308512-775382
688 1647308512-775385
689 1647308512-775394
690 1647308512-775396
691 1647308512-775399
692 1647308512-775405
693 1647308512-775407
694 1647308512-775409
695 1647308512-775418
696 1647308512-775419
697 1647308512-775420
698 1647308512-775422
699 1647308512-775423
700 1647308512-775426
701 1647308512-775442
702 1647308512-775443
703 1647308512-775446
704 1647308512-775455
705 1647308512-775456
706 1647308512-775458
707 1647308512-775468
708 1647308512-775469
709 1647308512-775471
710 1647308512-775481
711 1647308512-775482
712 1647308512-775484
713 1647308512-775485
714 1647308512-775488
715 1647308512-775502
716 1647308512-775503
717 1647308512-775504
718 1647308512-775506
719 1647308512-775518
720 1647308512-775520
721 1647308512-775522
722 1647308512-775529
723 1647308512-775536
724 1647308512-775538
725 1647308512-775539
726 1647308512-775540
727 1647308512-775541
728 1647308512-775542
729 1647308512-775546
730 1647308512-775564
731 1647308512-775565
732 1647308512-775567
733 1647308512-775577
734 1647308512-775578
735 1647308512-775580
736 1647308512-775589
737 1647308512-775590
738 1647308512-775592
739 1647308512-775602
740 1647308512-775603
741 1647308512-775606
742 1647308512-775615
743 1647308512-775616
744 1647308512-775619
745 1647308512-775628
746 1647308512-775629
747 1647308512-775632
748 1647308512-775640
749 1647308512-775641
750 1647308512-775644
751 1647308512-775650
752 1647308512-775652
753 1647308512-775653
754 1647308512-775655
755 1647308512-775666
756 1647308512-775668
757 1647308512-775670
758 1647308512-775680
759 1647308512-775681
760 1647308512-775683
761 1647308512-775692
762 1647308512-775694
763 1647308512-775696
764 1647308512-775705
765 1647308512-775707
766 1647308512-775709
767 1647308512-775717
768 1647308512-775719
769 1647308512-775720
770 1647308512-775722
771 1647308512-775723
772 1647308512-775725
773 1647308512-775729
774 1647308512-775745
775 1647308512-775747
776 1647308512-775750
777 1647308512-775758
778 1647308512-775759
779 1647308512-775762
780 1647308512-775771
781 1647308512-775773
782 1647308512-775774
783 1647308512-775775
784 1647308512-775776
785 1647308512-775780
786 1647308512-775795
787 1647308512-775797
788 1647308512-775799
789 1647308512-775808
790 1647308512-775810
791 1647308512-775812
792 1647308512-775821
793 1647308512-775823
794 1647308512-775825
795 1647308512-775833
796 1647308512-775835
797 1647308512-775837
798 1647308512-775840
799 1647308512-775852
800 1647308512-775854
801 1647308512-775856
802 1647308512-775865
803 1647308512-775866
804 1647308512-775869
805 1647308512-775876
806 1647308512-775877
807 1647308512-775880
808 1647308512-775889
809 1647308512-775890
810 1647308512-775892
811 1647308512-775893
812 1647308512-775896
813 1647308512-775908
814 1647308512-775910
815 1647308512-775913
816 1647308512-775921
817 1647308512-775923
818 1647308512-775925
819 1647308512-775934
820 1647308512-775935
821 1647308512-775938
822 1647308512-775947
823 1647308512-775948
824 1647308512-775950
825 1647308512-775951
826 1647308512-775952
827 1647308512-775955
828 1647308512-775961
829 1647308512-775964
830 1647308512-775982
831 1647308512-775983
832 1647308512-775986
833 1647308512-775994
834 1647308512-775996
835 1647308512-775998
836 1647308512-776007
837 1647308512-776008
838 1647308512-776010
839 1647308512-776012
840 1647308512-776023
841 1647308512-776024
842 1647308512-776027
843 1647308512-776036
844 1647308512-776038
845 1647308512-776040
846 1647308512-776049
847 1647308512-776051
848 1647308512-776053
849 1647308512-776062
850 1647308512-776063
851 1647308512-776064
852 1647308512-776068
853 1647308512-776080
854 1647308512-776081
855 1647308512-776083
856 1647308512-776092
857 1647308512-776093
858 1647308512-776095
859 1647308512-776105
860 1647308512-776106
861 1647308512-776109
862 1647308512-776118
863 1647308512-776119
864 1647308512-776121
865 1647308512-776130
866 1647308512-776132
867 1647308512-776133
868 1647308512-776135
869 1647308512-776138
870 1647308512-776152
871 1647308512-776153
872 1647308512-776156
873 1647308512-776166
874 1647308512-776168
875 1647308512-776170
876 1647308512-776179
877 1647308512-776180
878 1647308512-776182
879 1647308512-776191
880 1647308512-776193
881 1647308512-776194
882 1647308512-776198
883 1647308512-776209
884 1647308512-776210
885 1647308512-776212
886 1647308512-776221
887 1647308512-776223
888 1647308512-776225
889 1647308512-776234
890 1647308512-776235
891 1647308512-776236
892 1647308512-776240
893 1647308512-776251
894 1647308512-776253
895 1647308512-776255
896 1647308512-776261
897 1647308512-776269
898 1647308512-776270
899 1647308512-776274
900 1647308512-776283
901 1647308512-776285
902 1647308512-776286
903 1647308512-776290
904 1647308512-776300
905 1647308512-776301
906 1647308512-776303
907 1647308512-776309
908 1647308512-776311
909 1647308512-776314
910 1647308512-776326
911 1647308512-776327
912 1647308512-776329
913 1647308512-776339
914 1647308512-776340
915 1647308512-776343
916 1647308512-776351
917 1647308512-776353
918 1647308512-776355
919 1647308512-776364
920 1647308512-776366
921 1647308512-776367
922 1647308512-776369
923 1647308512-776370
924 1647308512-776374
925 1647308512-776388
926 1647308512-776390
927 1647308512-776392
928 1647308512-776397
929 1647308512-776407
930 1647308512-776408
931 1647308512-776411
932 1647308512-776420
933 1647308512-776421
934 1647308512-776422
935 1647308512-776423
936 1647308512-776425
937 1647308512-776442
938 1647308512-776444
939 1647308512-776446
940 1647308512-776454
941 1647308512-776456
942 1647308512-776458
943 1647308512-776467
944 1647308512-776468
945 1647308512-776470
946 1647308512-776480
947 1647308512-776481
948 1647308512-776483
949 1647308512-776484
950 1647308512-776485
951 1647308512-776486
952 1647308512-776489
953 1647308512-776506
954 1647308512-776507
955 1647308512-776510
956 1647308512-776519
957 1647308512-776520
958 1647308512-776522
959 1647308512-776531
960 1647308512-776533
961 1647308512-776535
962 1647308512-776544
963 1647308512-776545
964 1647308512-776548
965 1647308512-776556
966 1647308512-776558
967 1647308512-776561
968 1647308512-776569
969 1647308512-776571
970 1647308512-776573
971 1647308512-776582
972 1647308512-776583
973 1647308512-776586
974 1647308512-776595
975 1647308512-776596
976 1647308512-776598
977 1647308512-776600
978 1647308512-776606
979 1647308512-776615
980 1647308512-776616
981 1647308512-776618
982 1647308512-776627
983 1647308512-776629
984 1647308512-776631
985 1647308512-776640
986 1647308512-776641
987 1647308512-776642
988 1647308512-776645
989 1647308512-776656
990 1647308512-776658
991 1647308512-776659
992 1647308512-776661
993 1647308512-776662
994 1647308512-776666
995 1647308512-776682
996 1647308512-776683
997 1647308512-776685
998 1647308512-776695
999 1647308512-776696
1000 1647308512-776698
